0 info it worked if it ends with ok
1 verbose cli [ '/usr/local/Cellar/nvm/versions/io.js/v3.0.0/bin/iojs',
1 verbose cli   '/usr/local/Cellar/nvm/versions/io.js/v3.0.0/bin/npm',
1 verbose cli   'version',
1 verbose cli   'patch',
1 verbose cli   '-m',
1 verbose cli   'Updated to %s' ]
2 info using npm@2.13.3
3 info using node@v3.0.0
4 info git [ 'status', '--porcelain' ]
5 verbose stack Error: Git working directory not clean.
5 verbose stack M package.json
5 verbose stack     at /usr/local/Cellar/nvm/versions/io.js/v3.0.0/lib/node_modules/npm/lib/version.js:171:21
5 verbose stack     at ChildProcess.exithandler (child_process.js:188:7)
5 verbose stack     at emitTwo (events.js:87:13)
5 verbose stack     at ChildProcess.emit (events.js:172:7)
5 verbose stack     at maybeClose (internal/child_process.js:764:16)
5 verbose stack     at Socket.<anonymous> (internal/child_process.js:319:11)
5 verbose stack     at emitOne (events.js:77:13)
5 verbose stack     at Socket.emit (events.js:169:7)
5 verbose stack     at Pipe._onclose (net.js:468:12)
6 verbose cwd /Users/Ale/Dropbox/Docs/Good Karma/Projects/Utilities/email-check
7 error Darwin 14.4.0
8 error argv "/usr/local/Cellar/nvm/versions/io.js/v3.0.0/bin/iojs" "/usr/local/Cellar/nvm/versions/io.js/v3.0.0/bin/npm" "version" "patch" "-m" "Updated to %s"
9 error node v3.0.0
10 error npm  v2.13.3
11 error Git working directory not clean.
11 error M package.json
12 error If you need help, you may report this error at:
12 error     <https://github.com/npm/npm/issues>
13 verbose exit [ 1, true ]
